<?xml version="1.0" encoding="UTF-8" ?>
<testsuite tests="6" failures="0" name="TuileTest" time="0.003" errors="0" skipped="0">
  <properties>
    <property name="java.runtime.name" value="Java(TM) SE Runtime Environment"/>
    <property name="java.vm.version" value="13.0.2+8"/>
    <property name="sun.boot.library.path" value="C:\Program Files\Java\jdk-13.0.2\bin"/>
    <property name="maven.multiModuleProjectDirectory" value="C:\Users\nahue\ptg-the-nextgenz8"/>
    <property name="java.vm.vendor" value="Oracle Corporation"/>
    <property name="java.vendor.url" value="https://java.oracle.com/"/>
    <property name="guice.disable.misplaced.annotation.check" value="true"/>
    <property name="path.separator" value=";"/>
    <property name="java.vm.name" value="Java HotSpot(TM) 64-Bit Server VM"/>
    <property name="sun.os.patch.level" value=""/>
    <property name="user.script" value=""/>
    <property name="user.country" value="CA"/>
    <property name="sun.java.launcher" value="SUN_STANDARD"/>
    <property name="java.vm.specification.name" value="Java Virtual Machine Specification"/>
    <property name="user.dir" value="C:\Users\nahue\ptg-the-nextgenz8"/>
    <property name="java.vm.compressedOopsMode" value="32-bit"/>
    <property name="java.runtime.version" value="13.0.2+8"/>
    <property name="os.arch" value="amd64"/>
    <property name="java.io.tmpdir" value="C:\Users\nahue\AppData\Local\Temp\"/>
    <property name="line.separator" value="
"/>
    <property name="java.vm.specification.vendor" value="Oracle Corporation"/>
    <property name="user.variant" value=""/>
    <property name="os.name" value="Windows 10"/>
    <property name="classworlds.conf" value="C:\Program Files\apache-maven-3.6.3\bin\..\bin\m2.conf"/>
    <property name="sun.jnu.encoding" value="Cp1252"/>
    <property name="java.library.path" value="C:\Program Files\Java\jdk-13.0.2\bin;C:\WINDOWS\Sun\Java\bin;C:\WINDOWS\system32;C:\WINDOWS;C:\Program Files\IBM\ILOG\CPLEX_Studio_Community129\opl\bin\x64_win64;C:\Program Files\IBM\ILOG\CPLEX_Studio_Community129\opl\oplide\;C:\Program Files\IBM\ILOG\CPLEX_Studio_Community129\cplex\bin\x64_win64;C:\Program Files\IBM\ILOG\CPLEX_Studio_Community129\cpoptimizer\bin\x64_win64;C:\Program Files\Haskell\bin;C:\Program Files\Haskell Platform\8.6.5\lib\extralibs\bin;C:\Program Files\Haskell Platform\8.6.5\bin;C:\WINDOWS\system32;C:\WINDOWS;C:\WINDOWS\System32\Wbem;C:\WINDOWS\System32\WindowsPowerShell\v1.0\;C:\WINDOWS\System32\OpenSSH\;C:\Users\nahue\AppData\Local\Programs\Python\Python36;C:\Users\nahue\AppData\Local\Programs\Python\Python36\Scripts\;&quot;C:\Cygwin\bin;&quot;;C:\Program Files\PuTTY\;C:\Program Files\Haskell Platform\8.6.5\mingw\bin;C:\Program Files\Git\cmd;C:\Users\nahue\AppData\Local\Julia-1.1.1\bin;C:\Program Files\apache-maven-3.6.3\bin;C:\Program Files\Java\jdk-13.0.2\bin;C:\Program Files\Graphviz 2.44.1\bin;C:\Users\nahue\AppData\Roaming\cabal\bin;C:\Users\nahue\AppData\Roaming\local\bin;C:\PROGRA~2\Gambit\v4.9.0\bin;C:\PROGRA~2\Gambit\v4.8.0\bin;C:\Program Files (x86)\Google\Chrome\Application;C:\WINDOWS\system32;C:\WINDOWS;C:\WINDOWS\System32\Wbem;C:\WINDOWS\System32\WindowsPowerShell\v1.0\;C:\WINDOWS\System32\OpenSSH\;C:\Users\nahue\AppData\Local\Programs\Python\Python36;C:\Users\nahue\AppData\Local\Programs\Python\Python36\Scripts\;&quot;C:\Cygwin\bin;&quot;;C:\Program Files\PuTTY\;C:\Users\nahue\AppData\Roaming\Microsoft\Windows\Start Menu\Programs\Python 3.6;C:\Users\nahue\AppData\Local\Programs\Microsoft VS Code\bin;C:\Program Files (x86)\Dr.;C:\Users\nahue\AppData\Local\Programs\MiKTeX 2.9\miktex\bin\x64\;C:\Program Files\JetBrains\CLion 2019.3.3\bin;;C:\Users\nahue\AppData\Local\Microsoft\WindowsApps;C:\Program Files\apache-maven-3.6.3\bin;C:\Program Files\Java\jdk-13.0.2\bin;C:\Program Files\Graphviz 2.44.1\bin;C:\Users\nahue\AppData\Local\GitHubDesktop\bin;."/>
    <property name="maven.conf" value="C:\Program Files\apache-maven-3.6.3\bin\../conf"/>
    <property name="jdk.debug" value="release"/>
    <property name="java.class.version" value="57.0"/>
    <property name="java.specification.name" value="Java Platform API Specification"/>
    <property name="sun.management.compiler" value="HotSpot 64-Bit Tiered Compilers"/>
    <property name="os.version" value="10.0"/>
    <property name="library.jansi.path" value="C:\Program Files\apache-maven-3.6.3\bin\..\lib\jansi-native"/>
    <property name="user.home" value="C:\Users\nahue"/>
    <property name="user.timezone" value="America/Toronto"/>
    <property name="file.encoding" value="Cp1252"/>
    <property name="java.specification.version" value="13"/>
    <property name="user.name" value="nahue"/>
    <property name="java.class.path" value="C:\Program Files\apache-maven-3.6.3\bin\..\boot\plexus-classworlds-2.6.0.jar"/>
    <property name="java.vm.specification.version" value="13"/>
    <property name="sun.arch.data.model" value="64"/>
    <property name="sun.java.command" value="org.codehaus.plexus.classworlds.launcher.Launcher clean package"/>
    <property name="java.home" value="C:\Program Files\Java\jdk-13.0.2"/>
    <property name="user.language" value="en"/>
    <property name="java.specification.vendor" value="Oracle Corporation"/>
    <property name="java.vm.info" value="mixed mode, sharing"/>
    <property name="java.version" value="13.0.2"/>
    <property name="java.vendor" value="Oracle Corporation"/>
    <property name="sun.stderr.encoding" value="cp437"/>
    <property name="maven.home" value="C:\Program Files\apache-maven-3.6.3\bin\.."/>
    <property name="file.separator" value="\"/>
    <property name="java.version.date" value="2020-01-14"/>
    <property name="java.vendor.url.bug" value="https://bugreport.java.com/bugreport/"/>
    <property name="sun.io.unicode.encoding" value="UnicodeLittle"/>
    <property name="sun.cpu.endian" value="little"/>
    <property name="sun.stdout.encoding" value="cp437"/>
    <property name="sun.cpu.isalist" value="amd64"/>
  </properties>
  <testcase classname="TuileTest" name="testGetBiome" time="0.003"/>
  <testcase classname="TuileTest" name="testSetAltitude" time="0"/>
  <testcase classname="TuileTest" name="testGetAltitude" time="0"/>
  <testcase classname="TuileTest" name="testSetHumidite" time="0"/>
  <testcase classname="TuileTest" name="testGetHumidite" time="0"/>
  <testcase classname="TuileTest" name="testSetBiome" time="0"/>
</testsuite>